1505657103784	geckodriver	INFO	geckodriver 0.18.0
1505657103795	geckodriver	INFO	Listening on 127.0.0.1:61394
1505657105863	geckodriver::marionette	INFO	Starting browser D:\firefox\firefox.exe with args ["-marionette"]
1505657106237	addons.manager	DEBUG	Application has been upgraded
1505657106256	addons.manager	DEBUG	Loaded provider scope for resource://gre/modules/addons/XPIProvider.jsm: ["XPIProvider", "XPIInternal"]
1505657106259	addons.manager	DEBUG	Loaded provider scope for resource://gre/modules/LightweightThemeManager.jsm: ["LightweightThemeManager"]
1505657106287	addons.manager	DEBUG	Loaded provider scope for resource://gre/modules/addons/GMPProvider.jsm
1505657106289	addons.manager	DEBUG	Loaded provider scope for resource://gre/modules/addons/PluginProvider.jsm
1505657106290	addons.manager	DEBUG	Starting provider: XPIProvider
1505657106291	addons.xpi	DEBUG	startup
1505657106291	addons.xpi	INFO	SystemAddonInstallLocation directory is missing
1505657106291	addons.xpi	INFO	Removing all system add-on upgrades.
1505657106292	addons.xpi	DEBUG	checkForChanges
1505657106293	addons.xpi	WARN	Error parsing extensions state: [Exception... "Component returned failure code: 0x80520012 (NS_ERROR_FILE_NOT_FOUND) [amIAddonManagerStartup.readStartupData]"  nsresult: "0x80520012 (NS_ERROR_FILE_NOT_FOUND)"  location: "JS frame :: resource://gre/modules/addons/XPIProvider.jsm :: loadExtensionState :: line 1596"  data: no] Stack trace: loadExtensionState()@resource://gre/modules/addons/XPIProvider.jsm:1596 < getInstallState()@resource://gre/modules/addons/XPIProvider.jsm:1631 < checkForChanges()@resource://gre/modules/addons/XPIProvider.jsm:3152 < startup()@resource://gre/modules/addons/XPIProvider.jsm:2246 < callProvider()@resource://gre/modules/AddonManager.jsm:271 < _startProvider()@resource://gre/modules/AddonManager.jsm:741 < startup()@resource://gre/modules/AddonManager.jsm:908 < startup()@resource://gre/modules/AddonManager.jsm:3122 < observe()@jar:file:///D:/firefox/omni.ja!/components/addonManager.js:65
1505657106294	addons.xpi	DEBUG	Loaded add-on state: ${}
1505657106296	addons.xpi	INFO	Mapping aushelper@mozilla.org to D:\firefox\browser\features\aushelper@mozilla.org.xpi
1505657106296	addons.xpi	INFO	Mapping clicktoplay-rollout@mozilla.org to D:\firefox\browser\features\clicktoplay-rollout@mozilla.org.xpi
1505657106296	addons.xpi	INFO	Mapping e10srollout@mozilla.org to D:\firefox\browser\features\e10srollout@mozilla.org.xpi
1505657106296	addons.xpi	INFO	Mapping firefox@getpocket.com to D:\firefox\browser\features\firefox@getpocket.com.xpi
1505657106296	addons.xpi	INFO	Mapping followonsearch@mozilla.com to D:\firefox\browser\features\followonsearch@mozilla.com.xpi
1505657106296	addons.xpi	INFO	Mapping screenshots@mozilla.org to D:\firefox\browser\features\screenshots@mozilla.org.xpi
1505657106297	addons.xpi	INFO	Mapping shield-recipe-client@mozilla.org to D:\firefox\browser\features\shield-recipe-client@mozilla.org.xpi
1505657106297	addons.xpi	INFO	Mapping webcompat@mozilla.org to D:\firefox\browser\features\webcompat@mozilla.org.xpi
1505657106297	addons.xpi	DEBUG	New add-on aushelper@mozilla.org in app-system-defaults
1505657106298	addons.xpi	INFO	Mapping aushelper@mozilla.org to D:\firefox\browser\features\aushelper@mozilla.org.xpi
1505657106299	addons.xpi	DEBUG	New add-on clicktoplay-rollout@mozilla.org in app-system-defaults
1505657106299	addons.xpi	INFO	Mapping clicktoplay-rollout@mozilla.org to D:\firefox\browser\features\clicktoplay-rollout@mozilla.org.xpi
1505657106299	addons.xpi	DEBUG	New add-on e10srollout@mozilla.org in app-system-defaults
1505657106300	addons.xpi	INFO	Mapping e10srollout@mozilla.org to D:\firefox\browser\features\e10srollout@mozilla.org.xpi
1505657106300	addons.xpi	DEBUG	New add-on firefox@getpocket.com in app-system-defaults
1505657106300	addons.xpi	INFO	Mapping firefox@getpocket.com to D:\firefox\browser\features\firefox@getpocket.com.xpi
1505657106300	addons.xpi	DEBUG	New add-on followonsearch@mozilla.com in app-system-defaults
1505657106300	addons.xpi	INFO	Mapping followonsearch@mozilla.com to D:\firefox\browser\features\followonsearch@mozilla.com.xpi
1505657106301	addons.xpi	DEBUG	New add-on screenshots@mozilla.org in app-system-defaults
1505657106301	addons.xpi	INFO	Mapping screenshots@mozilla.org to D:\firefox\browser\features\screenshots@mozilla.org.xpi
1505657106301	addons.xpi	DEBUG	New add-on shield-recipe-client@mozilla.org in app-system-defaults
1505657106301	addons.xpi	INFO	Mapping shield-recipe-client@mozilla.org to D:\firefox\browser\features\shield-recipe-client@mozilla.org.xpi
1505657106301	addons.xpi	DEBUG	New add-on webcompat@mozilla.org in app-system-defaults
1505657106301	addons.xpi	INFO	Mapping webcompat@mozilla.org to D:\firefox\browser\features\webcompat@mozilla.org.xpi
1505657106302	addons.xpi	INFO	Mapping {972ce4c6-7e08-4474-a285-3208198ce6fd} to D:\firefox\browser\extensions\{972ce4c6-7e08-4474-a285-3208198ce6fd}.xpi
1505657106302	addons.xpi	DEBUG	New add-on {972ce4c6-7e08-4474-a285-3208198ce6fd} in app-global
1505657106302	addons.xpi	INFO	Mapping {972ce4c6-7e08-4474-a285-3208198ce6fd} to D:\firefox\browser\extensions\{972ce4c6-7e08-4474-a285-3208198ce6fd}.xpi
1505657106302	addons.xpi	DEBUG	getInstallState changed: true, state: {}
1505657106302	addons.xpi	INFO	SystemAddonInstallLocation directory is missing
1505657106310	addons.xpi-utils	DEBUG	Opening XPI database C:\Users\weiwang\AppData\Local\Temp\rust_mozprofile.rtQZvraSQZGE\extensions.json
1505657106312	addons.xpi-utils	DEBUG	New add-on aushelper@mozilla.org installed in app-system-defaults
*** Blocklist::_loadBlocklistFromFile: blocklist is disabled
1505657106333	DeferredSave.extensions.json	DEBUG	Save changes
1505657106335	addons.xpi-utils	DEBUG	New add-on clicktoplay-rollout@mozilla.org installed in app-system-defaults
1505657106337	DeferredSave.extensions.json	DEBUG	Starting timer
1505657106338	DeferredSave.extensions.json	DEBUG	Save changes
1505657106338	addons.xpi-utils	DEBUG	New add-on e10srollout@mozilla.org installed in app-system-defaults
1505657106342	DeferredSave.extensions.json	DEBUG	Save changes
1505657106342	addons.xpi-utils	DEBUG	New add-on firefox@getpocket.com installed in app-system-defaults
1505657106346	DeferredSave.extensions.json	DEBUG	Save changes
1505657106346	addons.xpi-utils	DEBUG	New add-on followonsearch@mozilla.com installed in app-system-defaults
1505657106348	DeferredSave.extensions.json	DEBUG	Save changes
1505657106348	addons.xpi-utils	DEBUG	New add-on screenshots@mozilla.org installed in app-system-defaults
1505657106354	DeferredSave.extensions.json	DEBUG	Save changes
1505657106354	addons.xpi-utils	DEBUG	New add-on shield-recipe-client@mozilla.org installed in app-system-defaults
1505657106357	DeferredSave.extensions.json	DEBUG	Save changes
1505657106357	addons.xpi-utils	DEBUG	New add-on webcompat@mozilla.org installed in app-system-defaults
1505657106359	DeferredSave.extensions.json	DEBUG	Save changes
1505657106359	addons.xpi-utils	DEBUG	New add-on {972ce4c6-7e08-4474-a285-3208198ce6fd} installed in app-global
1505657106361	DeferredSave.extensions.json	DEBUG	Save changes
1505657106362	addons.manager	DEBUG	Registering startup change 'installed' for aushelper@mozilla.org
1505657106369	addons.xpi	DEBUG	Loading bootstrap scope from D:\firefox\browser\features\aushelper@mozilla.org.xpi
1505657106372	addons.xpi	DEBUG	Calling bootstrap method install on aushelper@mozilla.org version 2.0
1505657106372	addons.xpi-utils	DEBUG	Make addon app-system-defaults:aushelper@mozilla.org visible
1505657106372	addons.xpi	DEBUG	Updating XPIState for {"id":"aushelper@mozilla.org","syncGUID":"{140abede-5fe1-45c0-a922-c2dbdd8e73ad}","location":"app-system-defaults","version":"2.0","type":"extension","internalName":null,"updateURL":null,"updateKey":null,"optionsURL":null,"optionsType":null,"aboutURL":null,"defaultLocale":{"name":"Application Update Service Helper","description":"Sets value(s) in the update url based on custom checks.","creator":null,"homepageURL":null},"visible":true,"active":false,"userDisabled":false,"appDisabled":false,"installDate":1503753093442,"updateDate":1503753093442,"applyBackgroundUpdates":1,"bootstrap":true,"path":"D:\\firefox\\browser\\features\\aushelper@mozilla.org.xpi","skinnable":false,"size":8488,"sourceURI":null,"releaseNotesURI":null,"softDisabled":false,"foreignInstall":false,"hasBinaryComponents":false,"strictCompatibility":false,"locales":[],"targetApplications":[{"id":"{ec8030f7-c20a-464f-9b0e-13a3a9e97384}","minVersion":"55.0.3","maxVersion":"55.*"}],"targetPlatforms":[],"multiprocessCompatible":true,"seen":true,"dependencies":[],"hasEmbeddedWebExtension":false,"mpcOptedOut":false,"userPermissions":null,"icons":{},"iconURL":null,"icon64URL":null}
1505657106375	DeferredSave.extensions.json	DEBUG	Save changes
1505657106375	addons.manager	DEBUG	Registering startup change 'installed' for clicktoplay-rollout@mozilla.org
1505657106376	addons.xpi	DEBUG	Loading bootstrap scope from D:\firefox\browser\features\clicktoplay-rollout@mozilla.org.xpi
1505657106385	addons.xpi	DEBUG	Calling bootstrap method install on clicktoplay-rollout@mozilla.org version 1.2
1505657106385	addons.xpi-utils	DEBUG	Make addon app-system-defaults:clicktoplay-rollout@mozilla.org visible
1505657106385	addons.xpi	DEBUG	Updating XPIState for {"id":"clicktoplay-rollout@mozilla.org","syncGUID":"{fbe04319-b950-4c84-978b-d830f63b2ac8}","location":"app-system-defaults","version":"1.2","type":"extension","internalName":null,"updateURL":null,"updateKey":null,"optionsURL":null,"optionsType":null,"aboutURL":null,"defaultLocale":{"name":"Click-to-Play staged rollout","description":"Staged rollout for Click-to-Play Flash.","creator":null,"homepageURL":null},"visible":true,"active":false,"userDisabled":false,"appDisabled":false,"installDate":1503753093473,"updateDate":1503753093473,"applyBackgroundUpdates":1,"bootstrap":true,"path":"D:\\firefox\\browser\\features\\clicktoplay-rollout@mozilla.org.xpi","skinnable":false,"size":5621,"sourceURI":null,"releaseNotesURI":null,"softDisabled":false,"foreignInstall":false,"hasBinaryComponents":false,"strictCompatibility":false,"locales":[],"targetApplications":[{"id":"{ec8030f7-c20a-464f-9b0e-13a3a9e97384}","minVersion":"55.0.3","maxVersion":"55.*"}],"targetPlatforms":[],"multiprocessCompatible":true,"seen":true,"dependencies":[],"hasEmbeddedWebExtension":false,"mpcOptedOut":false,"userPermissions":null,"icons":{},"iconURL":null,"icon64URL":null}
1505657106386	DeferredSave.extensions.json	DEBUG	Save changes
1505657106386	addons.manager	DEBUG	Registering startup change 'installed' for e10srollout@mozilla.org
1505657106386	addons.xpi	DEBUG	Loading bootstrap scope from D:\firefox\browser\features\e10srollout@mozilla.org.xpi
1505657106388	addons.xpi	DEBUG	Calling bootstrap method install on e10srollout@mozilla.org version 2.0
1505657106389	addons.xpi-utils	DEBUG	Make addon app-system-defaults:e10srollout@mozilla.org visible
1505657106389	addons.xpi	DEBUG	Updating XPIState for {"id":"e10srollout@mozilla.org","syncGUID":"{30f4bda4-e16b-4a1c-895d-352541b368a8}","location":"app-system-defaults","version":"2.0","type":"extension","internalName":null,"updateURL":null,"updateKey":null,"optionsURL":null,"optionsType":null,"aboutURL":null,"defaultLocale":{"name":"Multi-process staged rollout","description":"Staged rollout of Firefox multi-process feature.","creator":null,"homepageURL":null},"visible":true,"active":false,"userDisabled":false,"appDisabled":false,"installDate":1503753093441,"updateDate":1503753093441,"applyBackgroundUpdates":1,"bootstrap":true,"path":"D:\\firefox\\browser\\features\\e10srollout@mozilla.org.xpi","skinnable":false,"size":13287,"sourceURI":null,"releaseNotesURI":null,"softDisabled":false,"foreignInstall":false,"hasBinaryComponents":false,"strictCompatibility":false,"locales":[],"targetApplications":[{"id":"{ec8030f7-c20a-464f-9b0e-13a3a9e97384}","minVersion":"55.0.3","maxVersion":"55.*"}],"targetPlatforms":[],"multiprocessCompatible":true,"seen":true,"dependencies":[],"hasEmbeddedWebExtension":false,"mpcOptedOut":false,"userPermissions":null,"icons":{},"iconURL":null,"icon64URL":null}
1505657106390	DeferredSave.extensions.json	DEBUG	Save changes
1505657106390	addons.manager	DEBUG	Registering startup change 'installed' for firefox@getpocket.com
1505657106390	addons.xpi	DEBUG	Loading bootstrap scope from D:\firefox\browser\features\firefox@getpocket.com.xpi
1505657106394	addons.xpi	DEBUG	Calling bootstrap method install on firefox@getpocket.com version 1.0.5
1505657106394	addons.xpi-utils	DEBUG	Make addon app-system-defaults:firefox@getpocket.com visible
1505657106395	addons.xpi	DEBUG	Updating XPIState for {"id":"firefox@getpocket.com","syncGUID":"{92b30a22-059a-463c-8371-8090a33d65dc}","location":"app-system-defaults","version":"1.0.5","type":"extension","internalName":null,"updateURL":null,"updateKey":null,"optionsURL":null,"optionsType":null,"aboutURL":null,"defaultLocale":{"name":"Pocket","description":"When you find something you want to view later, put it in Pocket.","creator":null,"homepageURL":null},"visible":true,"active":false,"userDisabled":false,"appDisabled":false,"installDate":1503753093440,"updateDate":1503753093440,"applyBackgroundUpdates":1,"bootstrap":true,"path":"D:\\firefox\\browser\\features\\firefox@getpocket.com.xpi","skinnable":false,"size":863063,"sourceURI":null,"releaseNotesURI":null,"softDisabled":false,"foreignInstall":false,"hasBinaryComponents":false,"strictCompatibility":false,"locales":[],"targetApplications":[{"id":"{ec8030f7-c20a-464f-9b0e-13a3a9e97384}","minVersion":"55.0.3","maxVersion":"55.*"}],"targetPlatforms":[],"multiprocessCompatible":true,"seen":true,"dependencies":[],"hasEmbeddedWebExtension":false,"mpcOptedOut":false,"userPermissions":null,"icons":{},"iconURL":null,"icon64URL":null}
1505657106395	DeferredSave.extensions.json	DEBUG	Save changes
1505657106395	addons.manager	DEBUG	Registering startup change 'installed' for followonsearch@mozilla.com
1505657106396	addons.xpi	DEBUG	Loading bootstrap scope from D:\firefox\browser\features\followonsearch@mozilla.com.xpi
1505657106397	addons.xpi	DEBUG	Calling bootstrap method install on followonsearch@mozilla.com version 0.9.1
1505657106397	addons.xpi-utils	DEBUG	Make addon app-system-defaults:followonsearch@mozilla.com visible
1505657106397	addons.xpi	DEBUG	Updating XPIState for {"id":"followonsearch@mozilla.com","syncGUID":"{db659fde-fae1-432d-969f-379b3deac6ea}","location":"app-system-defaults","version":"0.9.1","type":"extension","internalName":null,"updateURL":null,"updateKey":null,"optionsURL":null,"optionsType":null,"aboutURL":null,"defaultLocale":{"name":"Follow-on Search Telemetry","description":null,"creator":null,"homepageURL":null},"visible":true,"active":false,"userDisabled":false,"appDisabled":false,"installDate":1503753093473,"updateDate":1503753093473,"applyBackgroundUpdates":1,"bootstrap":true,"path":"D:\\firefox\\browser\\features\\followonsearch@mozilla.com.xpi","skinnable":false,"size":16730,"sourceURI":null,"releaseNotesURI":null,"softDisabled":false,"foreignInstall":false,"hasBinaryComponents":false,"strictCompatibility":false,"locales":[],"targetApplications":[{"id":"{ec8030f7-c20a-464f-9b0e-13a3a9e97384}","minVersion":"52.0","maxVersion":"59.*"}],"targetPlatforms":[],"multiprocessCompatible":true,"seen":true,"dependencies":[],"hasEmbeddedWebExtension":false,"mpcOptedOut":false,"userPermissions":null,"icons":{},"iconURL":null,"icon64URL":null}
1505657106398	DeferredSave.extensions.json	DEBUG	Save changes
1505657106398	addons.manager	DEBUG	Registering startup change 'installed' for screenshots@mozilla.org
1505657106398	addons.xpi	DEBUG	Loading bootstrap scope from D:\firefox\browser\features\screenshots@mozilla.org.xpi
1505657106401	addons.xpi	DEBUG	Calling bootstrap method install on screenshots@mozilla.org version 10.12.0
1505657106401	addons.xpi-utils	DEBUG	Make addon app-system-defaults:screenshots@mozilla.org visible
1505657106402	addons.xpi	DEBUG	Updating XPIState for {"id":"screenshots@mozilla.org","syncGUID":"{d603cd0a-f439-47d3-98a9-b0b4bc07c924}","location":"app-system-defaults","version":"10.12.0","type":"extension","internalName":null,"updateURL":null,"updateKey":null,"optionsURL":null,"optionsType":null,"aboutURL":null,"defaultLocale":{"name":"Firefox Screenshots","description":null,"creator":null,"homepageURL":"https://pageshot.net/"},"visible":true,"active":false,"userDisabled":false,"appDisabled":false,"installDate":1503753093435,"updateDate":1503753093435,"applyBackgroundUpdates":1,"bootstrap":true,"path":"D:\\firefox\\browser\\features\\screenshots@mozilla.org.xpi","skinnable":false,"size":714554,"sourceURI":null,"releaseNotesURI":null,"softDisabled":false,"foreignInstall":false,"hasBinaryComponents":false,"strictCompatibility":false,"locales":[],"targetApplications":[{"id":"{ec8030f7-c20a-464f-9b0e-13a3a9e97384}","minVersion":"51.0a1","maxVersion":"*"}],"targetPlatforms":[],"multiprocessCompatible":true,"seen":true,"dependencies":[],"hasEmbeddedWebExtension":false,"mpcOptedOut":false,"userPermissions":null,"icons":{},"iconURL":null,"icon64URL":null}
1505657106402	DeferredSave.extensions.json	DEBUG	Save changes
1505657106402	addons.manager	DEBUG	Registering startup change 'installed' for shield-recipe-client@mozilla.org
1505657106402	addons.xpi	DEBUG	Loading bootstrap scope from D:\firefox\browser\features\shield-recipe-client@mozilla.org.xpi
1505657106404	addons.xpi	DEBUG	Calling bootstrap method install on shield-recipe-client@mozilla.org version 55.1
1505657106404	addons.xpi-utils	DEBUG	Make addon app-system-defaults:shield-recipe-client@mozilla.org visible
1505657106404	addons.xpi	DEBUG	Updating XPIState for {"id":"shield-recipe-client@mozilla.org","syncGUID":"{35bd22e3-1690-46ed-8561-15dc98b83225}","location":"app-system-defaults","version":"55.1","type":"extension","internalName":null,"updateURL":null,"updateKey":null,"optionsURL":null,"optionsType":null,"aboutURL":null,"defaultLocale":{"name":"Shield Recipe Client","description":"Client to download and run recipes for SHIELD, Heartbeat, etc.","creator":null,"homepageURL":null},"visible":true,"active":false,"userDisabled":false,"appDisabled":false,"installDate":1503753093472,"updateDate":1503753093472,"applyBackgroundUpdates":1,"bootstrap":true,"path":"D:\\firefox\\browser\\features\\shield-recipe-client@mozilla.org.xpi","skinnable":false,"size":140305,"sourceURI":null,"releaseNotesURI":null,"softDisabled":false,"foreignInstall":false,"hasBinaryComponents":false,"strictCompatibility":false,"locales":[],"targetApplications":[{"id":"{ec8030f7-c20a-464f-9b0e-13a3a9e97384}","minVersion":"55.0.3","maxVersion":"55.*"}],"targetPlatforms":[],"multiprocessCompatible":true,"seen":true,"dependencies":[],"hasEmbeddedWebExtension":false,"mpcOptedOut":false,"userPermissions":null,"icons":{},"iconURL":null,"icon64URL":null}
1505657106405	DeferredSave.extensions.json	DEBUG	Save changes
1505657106405	addons.manager	DEBUG	Registering startup change 'installed' for webcompat@mozilla.org
1505657106405	addons.xpi	DEBUG	Loading bootstrap scope from D:\firefox\browser\features\webcompat@mozilla.org.xpi
1505657106407	addons.xpi	DEBUG	Calling bootstrap method install on webcompat@mozilla.org version 1.1
1505657106407	addons.xpi-utils	DEBUG	Make addon app-system-defaults:webcompat@mozilla.org visible
1505657106407	addons.xpi	DEBUG	Updating XPIState for {"id":"webcompat@mozilla.org","syncGUID":"{7a4da53d-b424-4ee5-b7f7-eab114184e4f}","location":"app-system-defaults","version":"1.1","type":"extension","internalName":null,"updateURL":null,"updateKey":null,"optionsURL":null,"optionsType":null,"aboutURL":null,"defaultLocale":{"name":"Web Compat","description":"Urgent post-release fixes for web compatibility.","creator":null,"homepageURL":null},"visible":true,"active":false,"userDisabled":false,"appDisabled":false,"installDate":1503753093403,"updateDate":1503753093403,"applyBackgroundUpdates":1,"bootstrap":true,"path":"D:\\firefox\\browser\\features\\webcompat@mozilla.org.xpi","skinnable":false,"size":8992,"sourceURI":null,"releaseNotesURI":null,"softDisabled":false,"foreignInstall":false,"hasBinaryComponents":false,"strictCompatibility":false,"locales":[],"targetApplications":[{"id":"{ec8030f7-c20a-464f-9b0e-13a3a9e97384}","minVersion":"55.0.3","maxVersion":"55.*"}],"targetPlatforms":[],"multiprocessCompatible":true,"seen":true,"dependencies":[],"hasEmbeddedWebExtension":false,"mpcOptedOut":false,"userPermissions":null,"icons":{},"iconURL":null,"icon64URL":null}
1505657106407	DeferredSave.extensions.json	DEBUG	Save changes
1505657106408	addons.xpi-utils	DEBUG	Make addon app-global:{972ce4c6-7e08-4474-a285-3208198ce6fd} visible
1505657106408	addons.xpi	DEBUG	Updating XPIState for {"id":"{972ce4c6-7e08-4474-a285-3208198ce6fd}","syncGUID":"{fd98b849-a762-4500-9a9f-d1e21fff9d23}","location":"app-global","version":"55.0.3","type":"theme","internalName":"classic/1.0","updateURL":null,"updateKey":null,"optionsURL":null,"optionsType":null,"optionsBrowserStyle":null,"aboutURL":null,"defaultLocale":{"name":"Default","description":"The default theme.","creator":"Mozilla","homepageURL":null,"contributors":["Mozilla Contributors"]},"visible":true,"active":false,"userDisabled":false,"appDisabled":false,"installDate":1503753093443,"updateDate":1503753093443,"applyBackgroundUpdates":1,"path":"D:\\firefox\\browser\\extensions\\{972ce4c6-7e08-4474-a285-3208198ce6fd}.xpi","skinnable":true,"size":7559,"sourceURI":null,"releaseNotesURI":null,"softDisabled":false,"foreignInstall":false,"hasBinaryComponents":false,"strictCompatibility":true,"locales":[],"targetApplications":[{"id":"{ec8030f7-c20a-464f-9b0e-13a3a9e97384}","minVersion":"55.0.3","maxVersion":"55.0.3"}],"targetPlatforms":[],"seen":true,"dependencies":[],"hasEmbeddedWebExtension":false,"userPermissions":null,"icons":{},"iconURL":"chrome://browser/content/default-theme-icon.svg","icon64URL":null}
1505657106408	DeferredSave.extensions.json	DEBUG	Save changes
1505657106408	addons.xpi	DEBUG	Updating XPIState for {"id":"aushelper@mozilla.org","syncGUID":"{140abede-5fe1-45c0-a922-c2dbdd8e73ad}","location":"app-system-defaults","version":"2.0","type":"extension","internalName":null,"updateURL":null,"updateKey":null,"optionsURL":null,"optionsType":null,"aboutURL":null,"defaultLocale":{"name":"Application Update Service Helper","description":"Sets value(s) in the update url based on custom checks.","creator":null,"homepageURL":null},"visible":true,"active":true,"userDisabled":false,"appDisabled":false,"installDate":1503753093442,"updateDate":1503753093442,"applyBackgroundUpdates":1,"bootstrap":true,"path":"D:\\firefox\\browser\\features\\aushelper@mozilla.org.xpi","skinnable":false,"size":8488,"sourceURI":null,"releaseNotesURI":null,"softDisabled":false,"foreignInstall":false,"hasBinaryComponents":false,"strictCompatibility":false,"locales":[],"targetApplications":[{"id":"{ec8030f7-c20a-464f-9b0e-13a3a9e97384}","minVersion":"55.0.3","maxVersion":"55.*"}],"targetPlatforms":[],"multiprocessCompatible":true,"seen":true,"dependencies":[],"hasEmbeddedWebExtension":false,"mpcOptedOut":false,"userPermissions":null,"icons":{},"iconURL":null,"icon64URL":null}
1505657106409	addons.xpi	DEBUG	Updating XPIState for {"id":"clicktoplay-rollout@mozilla.org","syncGUID":"{fbe04319-b950-4c84-978b-d830f63b2ac8}","location":"app-system-defaults","version":"1.2","type":"extension","internalName":null,"updateURL":null,"updateKey":null,"optionsURL":null,"optionsType":null,"aboutURL":null,"defaultLocale":{"name":"Click-to-Play staged rollout","description":"Staged rollout for Click-to-Play Flash.","creator":null,"homepageURL":null},"visible":true,"active":true,"userDisabled":false,"appDisabled":false,"installDate":1503753093473,"updateDate":1503753093473,"applyBackgroundUpdates":1,"bootstrap":true,"path":"D:\\firefox\\browser\\features\\clicktoplay-rollout@mozilla.org.xpi","skinnable":false,"size":5621,"sourceURI":null,"releaseNotesURI":null,"softDisabled":false,"foreignInstall":false,"hasBinaryComponents":false,"strictCompatibility":false,"locales":[],"targetApplications":[{"id":"{ec8030f7-c20a-464f-9b0e-13a3a9e97384}","minVersion":"55.0.3","maxVersion":"55.*"}],"targetPlatforms":[],"multiprocessCompatible":true,"seen":true,"dependencies":[],"hasEmbeddedWebExtension":false,"mpcOptedOut":false,"userPermissions":null,"icons":{},"iconURL":null,"icon64URL":null}
1505657106409	addons.xpi	DEBUG	Updating XPIState for {"id":"e10srollout@mozilla.org","syncGUID":"{30f4bda4-e16b-4a1c-895d-352541b368a8}","location":"app-system-defaults","version":"2.0","type":"extension","internalName":null,"updateURL":null,"updateKey":null,"optionsURL":null,"optionsType":null,"aboutURL":null,"defaultLocale":{"name":"Multi-process staged rollout","description":"Staged rollout of Firefox multi-process feature.","creator":null,"homepageURL":null},"visible":true,"active":true,"userDisabled":false,"appDisabled":false,"installDate":1503753093441,"updateDate":1503753093441,"applyBackgroundUpdates":1,"bootstrap":true,"path":"D:\\firefox\\browser\\features\\e10srollout@mozilla.org.xpi","skinnable":false,"size":13287,"sourceURI":null,"releaseNotesURI":null,"softDisabled":false,"foreignInstall":false,"hasBinaryComponents":false,"strictCompatibility":false,"locales":[],"targetApplications":[{"id":"{ec8030f7-c20a-464f-9b0e-13a3a9e97384}","minVersion":"55.0.3","maxVersion":"55.*"}],"targetPlatforms":[],"multiprocessCompatible":true,"seen":true,"dependencies":[],"hasEmbeddedWebExtension":false,"mpcOptedOut":false,"userPermissions":null,"icons":{},"iconURL":null,"icon64URL":null}
1505657106409	addons.xpi	DEBUG	Updating XPIState for {"id":"firefox@getpocket.com","syncGUID":"{92b30a22-059a-463c-8371-8090a33d65dc}","location":"app-system-defaults","version":"1.0.5","type":"extension","internalName":null,"updateURL":null,"updateKey":null,"optionsURL":null,"optionsType":null,"aboutURL":null,"defaultLocale":{"name":"Pocket","description":"When you find something you want to view later, put it in Pocket.","creator":null,"homepageURL":null},"visible":true,"active":true,"userDisabled":false,"appDisabled":false,"installDate":1503753093440,"updateDate":1503753093440,"applyBackgroundUpdates":1,"bootstrap":true,"path":"D:\\firefox\\browser\\features\\firefox@getpocket.com.xpi","skinnable":false,"size":863063,"sourceURI":null,"releaseNotesURI":null,"softDisabled":false,"foreignInstall":false,"hasBinaryComponents":false,"strictCompatibility":false,"locales":[],"targetApplications":[{"id":"{ec8030f7-c20a-464f-9b0e-13a3a9e97384}","minVersion":"55.0.3","maxVersion":"55.*"}],"targetPlatforms":[],"multiprocessCompatible":true,"seen":true,"dependencies":[],"hasEmbeddedWebExtension":false,"mpcOptedOut":false,"userPermissions":null,"icons":{},"iconURL":null,"icon64URL":null}
1505657106409	addons.xpi	DEBUG	Updating XPIState for {"id":"followonsearch@mozilla.com","syncGUID":"{db659fde-fae1-432d-969f-379b3deac6ea}","location":"app-system-defaults","version":"0.9.1","type":"extension","internalName":null,"updateURL":null,"updateKey":null,"optionsURL":null,"optionsType":null,"aboutURL":null,"defaultLocale":{"name":"Follow-on Search Telemetry","description":null,"creator":null,"homepageURL":null},"visible":true,"active":true,"userDisabled":false,"appDisabled":false,"installDate":1503753093473,"updateDate":1503753093473,"applyBackgroundUpdates":1,"bootstrap":true,"path":"D:\\firefox\\browser\\features\\followonsearch@mozilla.com.xpi","skinnable":false,"size":16730,"sourceURI":null,"releaseNotesURI":null,"softDisabled":false,"foreignInstall":false,"hasBinaryComponents":false,"strictCompatibility":false,"locales":[],"targetApplications":[{"id":"{ec8030f7-c20a-464f-9b0e-13a3a9e97384}","minVersion":"52.0","maxVersion":"59.*"}],"targetPlatforms":[],"multiprocessCompatible":true,"seen":true,"dependencies":[],"hasEmbeddedWebExtension":false,"mpcOptedOut":false,"userPermissions":null,"icons":{},"iconURL":null,"icon64URL":null}
1505657106410	addons.xpi	DEBUG	Updating XPIState for {"id":"screenshots@mozilla.org","syncGUID":"{d603cd0a-f439-47d3-98a9-b0b4bc07c924}","location":"app-system-defaults","version":"10.12.0","type":"extension","internalName":null,"updateURL":null,"updateKey":null,"optionsURL":null,"optionsType":null,"aboutURL":null,"defaultLocale":{"name":"Firefox Screenshots","description":null,"creator":null,"homepageURL":"https://pageshot.net/"},"visible":true,"active":true,"userDisabled":false,"appDisabled":false,"installDate":1503753093435,"updateDate":1503753093435,"applyBackgroundUpdates":1,"bootstrap":true,"path":"D:\\firefox\\browser\\features\\screenshots@mozilla.org.xpi","skinnable":false,"size":714554,"sourceURI":null,"releaseNotesURI":null,"softDisabled":false,"foreignInstall":false,"hasBinaryComponents":false,"strictCompatibility":false,"locales":[],"targetApplications":[{"id":"{ec8030f7-c20a-464f-9b0e-13a3a9e97384}","minVersion":"51.0a1","maxVersion":"*"}],"targetPlatforms":[],"multiprocessCompatible":true,"seen":true,"dependencies":[],"hasEmbeddedWebExtension":false,"mpcOptedOut":false,"userPermissions":null,"icons":{},"iconURL":null,"icon64URL":null}
1505657106411	addons.xpi	DEBUG	Updating XPIState for {"id":"shield-recipe-client@mozilla.org","syncGUID":"{35bd22e3-1690-46ed-8561-15dc98b83225}","location":"app-system-defaults","version":"55.1","type":"extension","internalName":null,"updateURL":null,"updateKey":null,"optionsURL":null,"optionsType":null,"aboutURL":null,"defaultLocale":{"name":"Shield Recipe Client","description":"Client to download and run recipes for SHIELD, Heartbeat, etc.","creator":null,"homepageURL":null},"visible":true,"active":true,"userDisabled":false,"appDisabled":false,"installDate":1503753093472,"updateDate":1503753093472,"applyBackgroundUpdates":1,"bootstrap":true,"path":"D:\\firefox\\browser\\features\\shield-recipe-client@mozilla.org.xpi","skinnable":false,"size":140305,"sourceURI":null,"releaseNotesURI":null,"softDisabled":false,"foreignInstall":false,"hasBinaryComponents":false,"strictCompatibility":false,"locales":[],"targetApplications":[{"id":"{ec8030f7-c20a-464f-9b0e-13a3a9e97384}","minVersion":"55.0.3","maxVersion":"55.*"}],"targetPlatforms":[],"multiprocessCompatible":true,"seen":true,"dependencies":[],"hasEmbeddedWebExtension":false,"mpcOptedOut":false,"userPermissions":null,"icons":{},"iconURL":null,"icon64URL":null}
1505657106411	addons.xpi	DEBUG	Updating XPIState for {"id":"webcompat@mozilla.org","syncGUID":"{7a4da53d-b424-4ee5-b7f7-eab114184e4f}","location":"app-system-defaults","version":"1.1","type":"extension","internalName":null,"updateURL":null,"updateKey":null,"optionsURL":null,"optionsType":null,"aboutURL":null,"defaultLocale":{"name":"Web Compat","description":"Urgent post-release fixes for web compatibility.","creator":null,"homepageURL":null},"visible":true,"active":true,"userDisabled":false,"appDisabled":false,"installDate":1503753093403,"updateDate":1503753093403,"applyBackgroundUpdates":1,"bootstrap":true,"path":"D:\\firefox\\browser\\features\\webcompat@mozilla.org.xpi","skinnable":false,"size":8992,"sourceURI":null,"releaseNotesURI":null,"softDisabled":false,"foreignInstall":false,"hasBinaryComponents":false,"strictCompatibility":false,"locales":[],"targetApplications":[{"id":"{ec8030f7-c20a-464f-9b0e-13a3a9e97384}","minVersion":"55.0.3","maxVersion":"55.*"}],"targetPlatforms":[],"multiprocessCompatible":true,"seen":true,"dependencies":[],"hasEmbeddedWebExtension":false,"mpcOptedOut":false,"userPermissions":null,"icons":{},"iconURL":null,"icon64URL":null}
1505657106411	addons.xpi	DEBUG	Updating XPIState for {"id":"{972ce4c6-7e08-4474-a285-3208198ce6fd}","syncGUID":"{fd98b849-a762-4500-9a9f-d1e21fff9d23}","location":"app-global","version":"55.0.3","type":"theme","internalName":"classic/1.0","updateURL":null,"updateKey":null,"optionsURL":null,"optionsType":null,"optionsBrowserStyle":null,"aboutURL":null,"defaultLocale":{"name":"Default","description":"The default theme.","creator":"Mozilla","homepageURL":null,"contributors":["Mozilla Contributors"]},"visible":true,"active":true,"userDisabled":false,"appDisabled":false,"installDate":1503753093443,"updateDate":1503753093443,"applyBackgroundUpdates":1,"path":"D:\\firefox\\browser\\extensions\\{972ce4c6-7e08-4474-a285-3208198ce6fd}.xpi","skinnable":true,"size":7559,"sourceURI":null,"releaseNotesURI":null,"softDisabled":false,"foreignInstall":false,"hasBinaryComponents":false,"strictCompatibility":true,"locales":[],"targetApplications":[{"id":"{ec8030f7-c20a-464f-9b0e-13a3a9e97384}","minVersion":"55.0.3","maxVersion":"55.0.3"}],"targetPlatforms":[],"seen":true,"dependencies":[],"hasEmbeddedWebExtension":false,"userPermissions":null,"icons":{},"iconURL":"chrome://browser/content/default-theme-icon.svg","icon64URL":null}
1505657106411	DeferredSave.extensions.json	DEBUG	Save changes
1505657106411	addons.xpi	DEBUG	Updating database with changes to installed add-ons
1505657106411	addons.xpi-utils	DEBUG	Updating add-on states
1505657106416	addons.xpi	DEBUG	Registering manifest for D:\firefox\browser\features\aushelper@mozilla.org.xpi
1505657106416	addons.xpi	DEBUG	Calling bootstrap method startup on aushelper@mozilla.org version 2.0
1505657106418	addons.xpi	DEBUG	Registering manifest for D:\firefox\browser\features\clicktoplay-rollout@mozilla.org.xpi
1505657106418	addons.xpi	DEBUG	Calling bootstrap method startup on clicktoplay-rollout@mozilla.org version 1.2
1505657106469	addons.xpi	DEBUG	Registering manifest for D:\firefox\browser\features\e10srollout@mozilla.org.xpi
1505657106469	addons.xpi	DEBUG	Calling bootstrap method startup on e10srollout@mozilla.org version 2.0
1505657106470	addons.xpi	DEBUG	Registering manifest for D:\firefox\browser\features\firefox@getpocket.com.xpi
1505657106470	addons.xpi	DEBUG	Calling bootstrap method startup on firefox@getpocket.com version 1.0.5
1505657106500	addons.xpi	DEBUG	Registering manifest for D:\firefox\browser\features\followonsearch@mozilla.com.xpi
1505657106501	addons.xpi	DEBUG	Calling bootstrap method startup on followonsearch@mozilla.com version 0.9.1
1505657106501	addons.xpi	DEBUG	Registering manifest for D:\firefox\browser\features\screenshots@mozilla.org.xpi
1505657106502	addons.xpi	DEBUG	Calling bootstrap method startup on screenshots@mozilla.org version 10.12.0
1505657106502	addons.xpi	DEBUG	Registering manifest for D:\firefox\browser\features\shield-recipe-client@mozilla.org.xpi
1505657106502	addons.xpi	DEBUG	Calling bootstrap method startup on shield-recipe-client@mozilla.org version 55.1
1505657106509	addons.xpi	DEBUG	Registering manifest for D:\firefox\browser\features\webcompat@mozilla.org.xpi
1505657106509	addons.xpi	DEBUG	Calling bootstrap method startup on webcompat@mozilla.org version 1.1
1505657106515	addons.manager	DEBUG	Registering shutdown blocker for XPIProvider
1505657106515	addons.manager	DEBUG	Provider finished startup: XPIProvider
1505657106515	addons.manager	DEBUG	Starting provider: LightweightThemeManager
1505657106516	addons.manager	DEBUG	Registering shutdown blocker for LightweightThemeManager
1505657106516	addons.manager	DEBUG	Provider finished startup: LightweightThemeManager
1505657106516	addons.manager	DEBUG	Starting provider: GMPProvider
1505657106520	addons.manager	DEBUG	Registering shutdown blocker for GMPProvider
1505657106521	addons.manager	DEBUG	Provider finished startup: GMPProvider
1505657106521	addons.manager	DEBUG	Starting provider: PluginProvider
1505657106521	addons.manager	DEBUG	Registering shutdown blocker for PluginProvider
1505657106521	addons.manager	DEBUG	Provider finished startup: PluginProvider
1505657106521	addons.manager	DEBUG	Completed startup sequence
1505657106917	Marionette	INFO	Enabled via --marionette
1505657107787	addons.manager	DEBUG	Starting provider: PreviousExperimentProvider
1505657107788	addons.manager	DEBUG	Registering shutdown blocker for PreviousExperimentProvider
1505657107788	addons.manager	DEBUG	Provider finished startup: PreviousExperimentProvider
1505657107793	DeferredSave.extensions.json	DEBUG	Starting write
1505657107963	DeferredSave.extensions.json	DEBUG	Write succeeded
1505657107963	addons.xpi-utils	DEBUG	XPI Database saved, setting schema version preference to 21
1505657109326	addons.manager	DEBUG	Starting provider: <unnamed-provider>
1505657109326	addons.manager	DEBUG	Registering shutdown blocker for <unnamed-provider>
1505657109326	addons.manager	DEBUG	Provider finished startup: <unnamed-provider>
JavaScript error: resource:///modules/ExtensionsUI.jsm, line 50: TypeError: RecentWindow.getMostRecentBrowserWindow(...) is null
JavaScript error: , line 0: TypeError: NetworkError when attempting to fetch resource.
[Child 4220] WARNING: pipe error: 109: file c:/builds/moz2_slave/m-rel-w32-00000000000000000000/build/src/ipc/chromium/src/chrome/common/ipc_channel_win.cc, line 346
[Child 4220] WARNING: pipe error: 109: file c:/builds/moz2_slave/m-rel-w32-00000000000000000000/build/src/ipc/chromium/src/chrome/common/ipc_channel_win.cc, line 346
1505657110564	addons.productaddons	INFO	sending request to: https://aus5.mozilla.org/update/3/GMP/55.0.3/20170824053622/WINNT_x86-msvc-x64/zh-CN/release-cck-mozillaonline/Windows_NT%206.3.0.0%20(x64)/MozillaOnline/2017.3/update.xml
1505657110720	Marionette	INFO	Listening on port 61402
1505657110734	Marionette	INFO	Listening on port 61402
1505657111098	Marionette	WARN	TLS certificate errors will be ignored for this session
1505657111145	Marionette	DEBUG	loaded listener.js
1505657111172	Marionette	DEBUG	Received DOM event "beforeunload" for "about:blank"
1505657111805	Marionette	DEBUG	Received DOM event "beforeunload" for "about:blank"
1505657111807	Marionette	DEBUG	Received DOM event "pagehide" for "about:blank"
1505657111808	Marionette	DEBUG	Received DOM event "unload" for "about:blank"
1505657111836	Marionette	DEBUG	Received DOM event "DOMContentLoaded" for "about:neterror?e=nssFailure2&u=https%3A//passport.zhaopin.com/org/login&c=UTF-8&f=regular&d=%E8%BF%9E%E6%8E%A5%20passport.zhaopin.com%20%E6%97%B6%E5%8F%91%E7%94%9F%E9%94%99%E8%AF%AF%E3%80%82%0A%0A%E5%AF%B9%E7%AD%89%E7%AB%AF%E6%8A%A5%E5%91%8A%E5%85%B6%E9%81%87%E5%88%B0%E4%B8%80%E4%B8%AA%E5%86%85%E9%83%A8%E9%94%99%E8%AF%AF%E3%80%82%0A%0A%E9%94%99%E8%AF%AF%E4%BB%A3%E7%A0%81%3A%20%3Ca%20id%3D%22errorCode%22%20title%3D%22SSL_ERROR_INTERNAL_ERROR_ALERT%22%3ESSL_ERROR_INTERNAL_ERROR_ALERT%3C/a%3E%0A"
1505657112190	addons.productaddons	WARN	Failed downloading XML, status: 0, reason: error
1505657112190	addons.productaddons	INFO	fetching config from: chrome://global/content/gmp-sources/openh264.json
1505657112191	addons.productaddons	INFO	fetching config from: chrome://global/content/gmp-sources/widevinecdm.json
1505657112192	addons.productaddons	INFO	found plugin: gmp-gmpopenh264
1505657112192	addons.productaddons	INFO	found plugin: gmp-widevinecdm
1505657113913	addons.productaddons	INFO	downloadXHR File download. status=200
1505657113922	addons.productaddons	INFO	Downloaded file will be saved to C:\Users\weiwang\AppData\Local\Temp\tmpaddon-ec7015
1505657114088	addons.productaddons	WARN	Failed downloading via XHR, status: 0, reason: error
1505657488047	addons.xpi	DEBUG	Calling bootstrap method shutdown on webcompat@mozilla.org version 1.1
1505657488047	addons.xpi	DEBUG	Calling bootstrap method shutdown on shield-recipe-client@mozilla.org version 55.1
1505657488051	addons.xpi	DEBUG	Calling bootstrap method shutdown on screenshots@mozilla.org version 10.12.0
1505657488052	addons.xpi	DEBUG	Calling bootstrap method shutdown on followonsearch@mozilla.com version 0.9.1
1505657488053	addons.xpi	DEBUG	Calling bootstrap method shutdown on firefox@getpocket.com version 1.0.5
1505657488053	addons.xpi	DEBUG	Calling bootstrap method shutdown on e10srollout@mozilla.org version 2.0
1505657488054	addons.xpi	DEBUG	Calling bootstrap method shutdown on clicktoplay-rollout@mozilla.org version 1.2
1505657488054	addons.xpi	DEBUG	Calling bootstrap method shutdown on aushelper@mozilla.org version 2.0
[GPU 1436] WARNING: pipe error: 109: file c:/builds/moz2_slave/m-rel-w32-00000000000000000000/build/src/ipc/chromium/src/chrome/common/ipc_channel_win.cc, line 346
[Child 7572] WARNING: pipe error: 109: file c:/builds/moz2_slave/m-rel-w32-00000000000000000000/build/src/ipc/chromium/src/chrome/common/ipc_channel_win.cc, line 346
[Child 7572] WARNING: pipe error: 109: file c:/builds/moz2_slave/m-rel-w32-00000000000000000000/build/src/ipc/chromium/src/chrome/common/ipc_channel_win.cc, line 346
1505657488281	addons.manager	DEBUG	shutdown
1505657488282	addons.manager	DEBUG	Calling shutdown blocker for XPIProvider
1505657488282	addons.xpi	DEBUG	shutdown
1505657488282	addons.xpi-utils	DEBUG	shutdown
1505657488283	addons.manager	DEBUG	Calling shutdown blocker for LightweightThemeManager
1505657488284	addons.manager	DEBUG	Calling shutdown blocker for GMPProvider
1505657488285	addons.manager	DEBUG	Calling shutdown blocker for PluginProvider
1505657488285	addons.manager	DEBUG	Calling shutdown blocker for PreviousExperimentProvider
1505657488286	addons.manager	DEBUG	Calling shutdown blocker for <unnamed-provider>
1505657488288	addons.xpi	DEBUG	Notifying XPI shutdown observers
1505657488295	addons.manager	DEBUG	Async provider shutdown done

###!!! [Child][MessageChannel::SendAndWait] Error: Channel error: cannot send/recv

